2014/08/08 13:25:42 にビルドを開始しました。
     1>ノード 2 上のプロジェクト "C:\教材\GameJAM\GameJam\ChallengeBasic.vcxproj" (Build ターゲット)。
     1>ClCompile:
         C:\Program Files (x86)\Microsoft Visual Studio 12.0\VC\bin\CL.exe /c /ZI /nologo /W3 /WX- /Od /Oy- /D WIN32 /D _DEBUG /D _WINDOWS /D DEBUG /D _ITERATOR_DEBUG_LEVEL=0 /D PRODUCT_NAME=ChallengeBasic /Gm- /EHsc /RTC1 /MDd /GS /fp:precise /Zc:wchar_t /Zc:forScope /Fo"Debug\\" /Fd"Debug\vc120.pdb" /Gd /TP /analyze- /errorReport:prompt src\Blade.cpp src\Boss.cpp src\Collision.cpp src\Enemy.cpp src\Enemy2.cpp src\GameMain.cpp src\Player.cpp src\main.cpp
         Blade.cpp
         Boss.cpp
         Collision.cpp
         Enemy.cpp
         Enemy2.cpp
         GameMain.cpp
         Player.cpp
         main.cpp
         コードを生成中...
       Link:
         C:\Program Files (x86)\Microsoft Visual Studio 12.0\VC\bin\link.exe /ERRORREPORT:PROMPT /OUT:"C:\教材\GameJAM\GameJam\ChallengeBasic.exe" /INCREMENTAL /NOLOGO kernel32.lib user32.lib gdi32.lib winspool.lib comdlg32.lib advapi32.lib shell32.lib ole32.lib oleaut32.lib uuid.lib odbc32.lib odbccp32.lib /MANIFEST /MANIFESTUAC:"level='asInvoker' uiAccess='false'" /manifest:embed /DEBUG /PDB:"C:\教材\GameJAM\GameJam\ChallengeBasic.pdb" /SUBSYSTEM:WINDOWS /TLBID:1 /ENTRY:"mainCRTStartup" /DYNAMICBASE /NXCOMPAT /IMPLIB:"C:\教材\GameJAM\GameJam\ChallengeBasic.lib" /MACHINE:X86 Debug\Blade.obj
         Debug\Boss.obj
         Debug\Collision.obj
         Debug\Enemy.obj
         Debug\Enemy2.obj
         Debug\GameMain.obj
         Debug\appEnv.obj
         Debug\audio.obj
         Debug\camera2D.obj
         Debug\fileUtil.obj
         Debug\glExt.obj
         Debug\glfwWindow.obj
         Debug\graph.obj
         Debug\matrix.obj
         Debug\os_win.obj
         Debug\png.obj
         Debug\random.obj
         Debug\texture.obj
         Debug\utils.obj
         Debug\wav.obj
         Debug\main.obj
         Debug\Player.obj
         ChallengeBasic.vcxproj -> C:\教材\GameJAM\GameJam\ChallengeBasic.exe
     1>プロジェクト "C:\教材\GameJAM\GameJam\ChallengeBasic.vcxproj" (Build ターゲット) のビルドが完了しました。

ビルドに成功しました。

経過時間 00:00:27.34
